<?xml version="1.0" encoding="UTF-8"?>
<!-- Generated by org.testng.reporters.JUnitReportReporter -->
<testsuite skipped="0" hostname="DESKTOP-BBER3AS" name="SendMail" tests="1" failures="0" timestamp="08 十二月 2019 05:36:13 GMT" time="9.555" errors="0">
  <testcase name="test" time="9.555" classname="SendMail"/>
</testsuite> <!-- SendMail -->
