<?xml version="1.0" encoding="UTF-8"?>
<!-- Generated by org.testng.reporters.JUnitReportReporter -->
<testsuite skipped="0" hostname="DESKTOP-BBER3AS" name="TaskTemplateTest" tests="2" failures="0" timestamp="08 十二月 2019 04:29:38 GMT" time="40.355" errors="0">
  <testcase name="createTemplateBase" time="19.898" classname="TaskTemplateTest"/>
  <testcase name="taskTemplateTest" time="20.457" classname="TaskTemplateTest"/>
</testsuite> <!-- TaskTemplateTest -->
